<?xml version="1.0" encoding="UTF-8"?>
<testng-results skipped="0" failed="0" total="5" passed="5">
  <reporter-output>
  </reporter-output>
  <suite name="Default suite" duration-ms="94347" started-at="2015-10-30T19:02:49Z" finished-at="2015-10-30T19:04:23Z">
    <groups>
    </groups>
    <test name="Default test" duration-ms="94347" started-at="2015-10-30T19:02:49Z" finished-at="2015-10-30T19:04:23Z">
      <class name="NativeApp.MPSPortalAutomation">
        <test-method status="PASS" signature="setUP()[pri:0, instance:NativeApp.MPSPortalAutomation@37fe883b]" name="setUP" is-config="true" duration-ms="27265" started-at="2015-10-30T15:02:49Z" finished-at="2015-10-30T15:03:16Z">
          <reporter-output>
          </reporter-output>
        </test-method> <!-- setUP -->
        <test-method status="PASS" signature="LoginTest()[pri:0, instance:NativeApp.MPSPortalAutomation@37fe883b]" name="LoginTest" duration-ms="21609" started-at="2015-10-30T15:03:16Z" finished-at="2015-10-30T15:03:38Z">
          <reporter-output>
          </reporter-output>
        </test-method> <!-- LoginTest -->
        <test-method status="PASS" signature="DashboardTest()[pri:0, instance:NativeApp.MPSPortalAutomation@37fe883b]" name="DashboardTest" duration-ms="6088" started-at="2015-10-30T15:03:38Z" depends-on-methods="NativeApp.MPSPortalAutomation.LoginTest" finished-at="2015-10-30T15:03:44Z">
          <reporter-output>
          </reporter-output>
        </test-method> <!-- DashboardTest -->
        <test-method status="PASS" signature="AddressTest()[pri:0, instance:NativeApp.MPSPortalAutomation@37fe883b]" name="AddressTest" duration-ms="12101" started-at="2015-10-30T15:03:44Z" depends-on-methods="NativeApp.MPSPortalAutomation.DashboardTest" finished-at="2015-10-30T15:03:56Z">
          <reporter-output>
          </reporter-output>
        </test-method> <!-- AddressTest -->
        <test-method status="PASS" signature="DeviceTest()[pri:0, instance:NativeApp.MPSPortalAutomation@37fe883b]" name="DeviceTest" duration-ms="14895" started-at="2015-10-30T15:03:56Z" depends-on-methods="NativeApp.MPSPortalAutomation.AddressTest" finished-at="2015-10-30T15:04:11Z">
          <reporter-output>
          </reporter-output>
        </test-method> <!-- DeviceTest -->
        <test-method status="PASS" signature="TestReport()[pri:0, instance:NativeApp.MPSPortalAutomation@37fe883b]" name="TestReport" duration-ms="10619" started-at="2015-10-30T15:04:11Z" depends-on-methods="NativeApp.MPSPortalAutomation.DeviceTest" finished-at="2015-10-30T15:04:21Z">
          <reporter-output>
          </reporter-output>
        </test-method> <!-- TestReport -->
        <test-method status="PASS" signature="teatDown()[pri:0, instance:NativeApp.MPSPortalAutomation@37fe883b]" name="teatDown" is-config="true" duration-ms="1726" started-at="2015-10-30T15:04:21Z" finished-at="2015-10-30T15:04:23Z">
          <reporter-output>
          </reporter-output>
        </test-method> <!-- teatDown -->
      </class> <!-- NativeApp.MPSPortalAutomation -->
    </test> <!-- Default test -->
  </suite> <!-- Default suite -->
</testng-results>
