<?xml version="1.0" encoding="UTF-8"?>
<!-- Generated by org.testng.reporters.JUnitXMLReporter -->
<testsuite hostname="sakoar1-w7" name="Default test" tests="5" failures="0" timestamp="30 Oct 2015 19:04:23 GMT" time="94.347" errors="0">
  <testcase name="LoginTest" time="21.609" classname="NativeApp.MPSPortalAutomation"/>
  <testcase name="DashboardTest" time="6.088" classname="NativeApp.MPSPortalAutomation"/>
  <testcase name="AddressTest" time="12.101" classname="NativeApp.MPSPortalAutomation"/>
  <testcase name="DeviceTest" time="14.895" classname="NativeApp.MPSPortalAutomation"/>
  <testcase name="TestReport" time="10.619" classname="NativeApp.MPSPortalAutomation"/>
</testsuite> <!-- Default test -->
